c:\users\aikak\desktop\2017\настя 2\os_lr2\os_lr2\x64\debug\vc143.pdb
c:\users\aikak\desktop\2017\настя 2\os_lr2\os_lr2\x64\debug\vc143.idb
c:\users\aikak\desktop\2017\настя 2\os_lr2\os_lr2\x64\debug\statemem.obj
c:\users\aikak\desktop\2017\настя 2\os_lr2\os_lr2\x64\debug\reservreg.obj
c:\users\aikak\desktop\2017\настя 2\os_lr2\os_lr2\x64\debug\recordingdata.obj
c:\users\aikak\desktop\2017\настя 2\os_lr2\os_lr2\x64\debug\main.obj
c:\users\aikak\desktop\2017\настя 2\os_lr2\os_lr2\x64\debug\memstatus.obj
c:\users\aikak\desktop\2017\настя 2\os_lr2\os_lr2\x64\debug\memoryreturn.obj
c:\users\aikak\desktop\2017\настя 2\os_lr2\os_lr2\x64\debug\getinfoofsystem.obj
c:\users\aikak\desktop\2017\настя 2\os_lr2\os_lr2\x64\debug\drivemem.obj
c:\users\aikak\desktop\2017\настя 2\os_lr2\os_lr2\x64\debug\accessprotection.obj
c:\users\aikak\desktop\ос лабы\2 лаба\os_lr2\os_lr2\x64\debug\vc143.pdb
c:\users\aikak\desktop\ос лабы\2 лаба\os_lr2\os_lr2\x64\debug\vc143.idb
c:\users\aikak\desktop\ос лабы\2 лаба\os_lr2\os_lr2\x64\debug\statemem.obj
c:\users\aikak\desktop\ос лабы\2 лаба\os_lr2\os_lr2\x64\debug\reservreg.obj
c:\users\aikak\desktop\ос лабы\2 лаба\os_lr2\os_lr2\x64\debug\recordingdata.obj
c:\users\aikak\desktop\ос лабы\2 лаба\os_lr2\os_lr2\x64\debug\main.obj
c:\users\aikak\desktop\ос лабы\2 лаба\os_lr2\os_lr2\x64\debug\memstatus.obj
c:\users\aikak\desktop\ос лабы\2 лаба\os_lr2\os_lr2\x64\debug\memoryreturn.obj
c:\users\aikak\desktop\ос лабы\2 лаба\os_lr2\os_lr2\x64\debug\getinfoofsystem.obj
c:\users\aikak\desktop\ос лабы\2 лаба\os_lr2\os_lr2\x64\debug\drivemem.obj
c:\users\aikak\desktop\ос лабы\2 лаба\os_lr2\os_lr2\x64\debug\accessprotection.obj
c:\users\aikak\desktop\2017\настя 2\os_lr2\x64\debug\os_lr2.exe
c:\users\aikak\desktop\2017\настя 2\os_lr2\x64\debug\os_lr2.pdb
c:\users\aikak\desktop\ос лабы\2 лаба\os_lr2\x64\debug\os_lr2.exe
c:\users\aikak\desktop\ос лабы\2 лаба\os_lr2\x64\debug\os_lr2.pdb
c:\users\aikak\desktop\ос лабы\2 лаба\os_lr2\os_lr2\x64\debug\os_lr2.obj
c:\users\aikak\desktop\ос лабы\2 лаба\os_lr2\os_lr2\x64\debug\os_lr2.tlog\cl.command.1.tlog
c:\users\aikak\desktop\ос лабы\2 лаба\os_lr2\os_lr2\x64\debug\os_lr2.tlog\cl.read.1.tlog
c:\users\aikak\desktop\ос лабы\2 лаба\os_lr2\os_lr2\x64\debug\os_lr2.tlog\cl.write.1.tlog
c:\users\aikak\desktop\ос лабы\2 лаба\os_lr2\os_lr2\x64\debug\os_lr2.tlog\link.command.1.tlog
c:\users\aikak\desktop\ос лабы\2 лаба\os_lr2\os_lr2\x64\debug\os_lr2.tlog\link.read.1.tlog
c:\users\aikak\desktop\ос лабы\2 лаба\os_lr2\os_lr2\x64\debug\os_lr2.tlog\link.write.1.tlog
